<?xml version="1.0" encoding="UTF-8"?>
<testsuites name="TestSuite1" time="99.089" tests="1" failures="0" errors="0">
   <testsuite name="TestSuite1" tests="1" failures="0" errors="0" time="99.089" skipped="0" timestamp="2021-07-23 22:43:16" hostname="hp - DESKTOP-SSHD5LR" id="Test Suites/TestSuite1">
      <properties>
         <property name="deviceName" value=""/>
         <property name="devicePlatform" value=""/>
         <property name="logFolder" value="C:\\Users\\hp\\git\\KatalonTestForBiatv\\Reports\\20210723_224259\\TestSuite1\\20210723_224303"/>
         <property name="logFiles" value="C:\\Users\\hp\\git\\KatalonTestForBiatv\\Reports\\20210723_224259\\TestSuite1\\20210723_224303\\execution0.log"/>
         <property name="attachments" value=""/>
         <property name="hostName" value="hp - DESKTOP-SSHD5LR"/>
         <property name="os" value="Windows 10 64bit"/>
         <property name="katalonVersion" value="8.0.5.208"/>
         <property name="browser" value="Chrome 91.0.4472.164"/>
         <property name="hostAddress" value="192.168.1.21"/>
         <property name="sessionId" value="d83c997458ef45183df1a88e85a06eb4"/>
         <property name="seleniumVersion" value="3.141.59"/>
         <property name="proxyInformation" value="ProxyInformation { proxyOption=NO_PROXY, proxyServerType=HTTP, username=, password=********, proxyServerAddress=, proxyServerPort=0, executionList=&quot;&quot;, isApplyToDesiredCapabilities=true }"/>
         <property name="platform" value="Windows 10"/>
      </properties>
      <testcase name="Test Cases/FirstTestCase" time="88.889" classname="Test Cases/FirstTestCase" status="PASSED">
         <system-out><![CDATA[2021-07-23 22:43:17 - [TEST_CASE][PASSED] - Test Cases/FirstTestCase: Test Cases/FirstTestCase

2021-07-23 22:43:17 - [TEST_STEP][PASSED] - openBrowser(""): Browser is opened with url: ''

2021-07-23 22:43:18 - [MESSAGE][INFO] - Starting 'Chrome' driver

2021-07-23 22:43:18 - [MESSAGE][INFO] - Action delay is set to 0 milliseconds

2021-07-23 22:43:53 - [MESSAGE][PASSED] - Browser is opened with url: ''

2021-07-23 22:43:53 - [TEST_STEP][PASSED] - navigateToUrl("https://lifecharger.org/"): Navigate to 'https://lifecharger.org/' successfully

2021-07-23 22:44:43 - [MESSAGE][PASSED] - Navigate to 'https://lifecharger.org/' successfully

2021-07-23 22:44:43 - [TEST_STEP][PASSED] - closeBrowser(): Browser is closed

2021-07-23 22:44:46 - [MESSAGE][PASSED] - Browser is closed]]></system-out>
         <system-err><![CDATA[]]></system-err>
      </testcase>
      <system-out><![CDATA[2021-07-23 22:43:16 - [TEST_SUITE][PASSED] - TestSuite1: Test Cases/FirstTestCase]]></system-out>
      <system-err><![CDATA[]]></system-err>
   </testsuite>
</testsuites>
